<?xml version="1.0" encoding="UTF-8"?>
<testsuite name="Model.ExtractTest" tests="2" skipped="0" failures="0" errors="0" timestamp="2022-05-09T08:15:06" hostname="LAPTOP-Q42REQGH" time="0.019">
  <properties/>
  <testcase name="setDataListTest()" classname="Model.ExtractTest" time="0.01"/>
  <testcase name="validFormatTest()" classname="Model.ExtractTest" time="0.008"/>
  <system-out><![CDATA[INSIDE THE FILE  :
C:\Users\julie\OneDrive\Bureau\BabaIsYou\new\src\main\resources\level\default\level7.txt => OK
C:\Users\julie\OneDrive\Bureau\BabaIsYou\new\src\main\resources\level\default\level6.txt => OK
C:\Users\julie\OneDrive\Bureau\BabaIsYou\new\src\main\resources\level\default\level5.txt => OK
C:\Users\julie\OneDrive\Bureau\BabaIsYou\new\src\main\resources\level\default\level4.txt => OK
C:\Users\julie\OneDrive\Bureau\BabaIsYou\new\src\main\resources\level\default\level3.txt => OK
C:\Users\julie\OneDrive\Bureau\BabaIsYou\new\src\main\resources\level\default\level2.txt => OK
C:\Users\julie\OneDrive\Bureau\BabaIsYou\new\src\main\resources\level\default\level1.txt => OK
C:\Users\julie\OneDrive\Bureau\BabaIsYou\new\src\main\resources\level\default\level0.txt => OK
THE TXT FORMAT :
C:\Users\julie\OneDrive\Bureau\BabaIsYou\new\src\main\resources\level\default\level7.txt=> OK
C:\Users\julie\OneDrive\Bureau\BabaIsYou\new\src\main\resources\level\default\level6.txt=> OK
C:\Users\julie\OneDrive\Bureau\BabaIsYou\new\src\main\resources\level\default\level5.txt=> OK
C:\Users\julie\OneDrive\Bureau\BabaIsYou\new\src\main\resources\level\default\level4.txt=> OK
C:\Users\julie\OneDrive\Bureau\BabaIsYou\new\src\main\resources\level\default\level3.txt=> OK
C:\Users\julie\OneDrive\Bureau\BabaIsYou\new\src\main\resources\level\default\level2.txt=> OK
C:\Users\julie\OneDrive\Bureau\BabaIsYou\new\src\main\resources\level\default\level1.txt=> OK
C:\Users\julie\OneDrive\Bureau\BabaIsYou\new\src\main\resources\level\default\level0.txt=> OK
]]></system-out>
  <system-err><![CDATA[]]></system-err>
</testsuite>
