<?xml version="1.0" encoding="UTF-8"?>
<testsuite name="Model.ItemTest" tests="3" skipped="0" failures="0" errors="0" timestamp="2022-05-09T08:15:06" hostname="LAPTOP-Q42REQGH" time="0.017">
  <properties/>
  <testcase name="win()" classname="Model.ItemTest" time="0.006"/>
  <testcase name="move()" classname="Model.ItemTest" time="0.006"/>
  <testcase name="isGameOver()" classname="Model.ItemTest" time="0.003"/>
  <system-out><![CDATA[Before rule established : winStatus = false
After rule established : winStatus = true
cannot go up : OK
cannot go left : OK
cannot go left because of a wall which is stop : OK
cannot push down because of a wall : OK
pushing...
cannot push anymore : OK
moved the rule block
Can push
Before the move, we have : BabaIsYou
After we have : NOTHING => GAME OVER
]]></system-out>
  <system-err><![CDATA[]]></system-err>
</testsuite>
